[2025-11-27 11:16:12] [INFO] Application starting...
[2025-11-27 11:16:13] [INFO] Application ready
[2025-11-27 11:16:28] [INFO] Loading audio file: /Users/annagalstyan/Library/Mobile Documents/com~apple~CloudDocs/Downloads/taeha.mp3
[2025-11-27 11:16:28] [INFO] Loading MP3 file from: /Users/annagalstyan/Library/Mobile Documents/com~apple~CloudDocs/Downloads/taeha.mp3
[2025-11-27 11:16:28] [INFO] Loaded MP3: /Users/annagalstyan/Library/Mobile Documents/com~apple~CloudDocs/Downloads/taeha.mp3 (5619712 samples, 58.538666s, 2 channels)
[2025-11-27 11:16:28] [INFO] Loaded 5619712 samples from /Users/annagalstyan/Library/Mobile Documents/com~apple~CloudDocs/Downloads/taeha.mp3
[2025-11-27 11:16:28] [INFO] Audio loaded successfully: /Users/annagalstyan/Library/Mobile Documents/com~apple~CloudDocs/Downloads/taeha.mp3
[2025-11-27 11:16:31] [INFO] Added effect: Reverb
[2025-11-27 11:16:34] [INFO] Reverb intensity: 82.000000%, wet=35.500000%, room=0.751000, damping=0.610000
[2025-11-27 11:16:34] [INFO] Before effects - RMS: 0.164018
[2025-11-27 11:16:34] [INFO] Applying Reverb (wet: 35.500000%, room: 0.751000)
[2025-11-27 11:16:35] [INFO] Before normalize - RMS: 0.130466, Peak: 0.773932
[2025-11-27 11:16:35] [INFO] Clipping prevented - applied limiter (gain: 0.976395x)
[2025-11-27 11:16:35] [INFO] After normalize - RMS: 0.160146, Peak: 0.950000, Gain applied: 1.257174
[2025-11-27 11:16:35] [INFO] After effects - RMS: 0.160146
[2025-11-27 11:16:35] [INFO] Effects applied: 1 effect(s)
[2025-11-27 11:17:56] [INFO] Application starting...
[2025-11-27 11:17:56] [INFO] Application ready
[2025-11-27 11:18:00] [INFO] New project created
[2025-11-27 11:18:11] [INFO] Application closing...
[2025-11-27 11:25:48] [INFO] Application starting...
[2025-11-27 11:25:48] [INFO] Application ready
[2025-11-27 11:25:57] [INFO] Loading audio file: /Users/annagalstyan/Library/Mobile Documents/com~apple~CloudDocs/Downloads/taeha.mp3
[2025-11-27 11:25:57] [INFO] Loading MP3 file from: /Users/annagalstyan/Library/Mobile Documents/com~apple~CloudDocs/Downloads/taeha.mp3
[2025-11-27 11:25:58] [INFO] Loaded MP3: /Users/annagalstyan/Library/Mobile Documents/com~apple~CloudDocs/Downloads/taeha.mp3 (5619712 samples, 58.538666s, 2 channels)
[2025-11-27 11:25:58] [INFO] Loaded 5619712 samples from /Users/annagalstyan/Library/Mobile Documents/com~apple~CloudDocs/Downloads/taeha.mp3
[2025-11-27 11:25:58] [INFO] Audio loaded successfully: /Users/annagalstyan/Library/Mobile Documents/com~apple~CloudDocs/Downloads/taeha.mp3
[2025-11-27 11:26:00] [INFO] Added effect: Reverb
[2025-11-27 11:26:04] [INFO] Reverb intensity: 76.000000%, wet=34.000000%, room=0.718000, damping=0.580000
[2025-11-27 11:26:04] [INFO] Before effects - RMS: 0.164018
[2025-11-27 11:26:04] [INFO] Applying Reverb (wet: 34.000000%, room: 0.718000)
[2025-11-27 11:26:06] [INFO] Before normalize - RMS: 0.132995, Peak: 0.787567
[2025-11-27 11:26:06] [INFO] Clipping prevented - applied limiter (gain: 0.978090x)
[2025-11-27 11:26:06] [INFO] After normalize - RMS: 0.160424, Peak: 0.950000, Gain applied: 1.233267
[2025-11-27 11:26:06] [INFO] After effects - RMS: 0.160424
[2025-11-27 11:26:06] [INFO] Effects applied: 1 effect(s)
[2025-11-27 11:27:42] [INFO] Loading audio file: /Users/annagalstyan/Music/Music/Media.localized/Music/Unknown Artist/Unknown Album/The Weeknd   House of Balloons   Glass Table Girls OFFICIAL INSTRUMENTAL.mp3
[2025-11-27 11:27:42] [INFO] Loading MP3 file from: /Users/annagalstyan/Music/Music/Media.localized/Music/Unknown Artist/Unknown Album/The Weeknd   House of Balloons   Glass Table Girls OFFICIAL INSTRUMENTAL.mp3
[2025-11-27 11:27:42] [INFO] Loaded MP3: /Users/annagalstyan/Music/Music/Media.localized/Music/Unknown Artist/Unknown Album/The Weeknd   House of Balloons   Glass Table Girls OFFICIAL INSTRUMENTAL.mp3 (35299328 samples, 400.219147s, 2 channels)
[2025-11-27 11:27:43] [INFO] Loaded 35299328 samples from /Users/annagalstyan/Music/Music/Media.localized/Music/Unknown Artist/Unknown Album/The Weeknd   House of Balloons   Glass Table Girls OFFICIAL INSTRUMENTAL.mp3
[2025-11-27 11:27:43] [INFO] Audio loaded successfully: /Users/annagalstyan/Music/Music/Media.localized/Music/Unknown Artist/Unknown Album/The Weeknd   House of Balloons   Glass Table Girls OFFICIAL INSTRUMENTAL.mp3
[2025-11-27 11:27:50] [INFO] Added effect: Reverb
[2025-11-27 11:27:53] [INFO] Reverb intensity: 77.000000%, wet=34.250000%, room=0.723500, damping=0.585000
[2025-11-27 11:27:53] [INFO] Before effects - RMS: 0.253137
[2025-11-27 11:27:53] [INFO] Applying Reverb (wet: 34.250000%, room: 0.723500)
[2025-11-27 11:28:01] [INFO] Before normalize - RMS: 0.199189, Peak: 0.878031
[2025-11-27 11:28:01] [INFO] Clipping prevented - applied limiter (gain: 0.851379x)
[2025-11-27 11:28:01] [INFO] After normalize - RMS: 0.215516, Peak: 0.950000, Gain applied: 1.270839
[2025-11-27 11:28:02] [INFO] After effects - RMS: 0.215516
[2025-11-27 11:28:02] [INFO] Effects applied: 1 effect(s)
[2025-11-27 11:29:32] [INFO] Reverb intensity: 100.000000%, wet=40.000000%, room=0.850000, damping=0.700000
[2025-11-27 11:29:32] [INFO] Before effects - RMS: 0.215516
[2025-11-27 11:29:32] [INFO] Applying Reverb (wet: 34.250000%, room: 0.723500)
[2025-11-27 11:29:39] [INFO] Applying Reverb (wet: 40.000000%, room: 0.850000)
[2025-11-27 11:29:47] [INFO] Before normalize - RMS: 0.138265, Peak: 0.717803
[2025-11-27 11:29:47] [INFO] Clipping prevented - applied limiter (gain: 0.849084x)
[2025-11-27 11:29:47] [INFO] After normalize - RMS: 0.182991, Peak: 0.950000, Gain applied: 1.558719
[2025-11-27 11:29:47] [INFO] After effects - RMS: 0.182991
[2025-11-27 11:29:48] [INFO] Effects applied: 1 effect(s)
[2025-11-27 11:31:46] [INFO] Added effect: Echo
[2025-11-27 11:31:57] [INFO] Reverb intensity: 100.000000%, wet=40.000000%, room=0.850000, damping=0.700000
[2025-11-27 11:31:57] [INFO] Echo: 23.000000% -> 307.500000ms, feedback: 55.750000%, wet: 46.900002%
[2025-11-27 11:31:57] [INFO] Before effects - RMS: 0.182991
[2025-11-27 11:31:57] [INFO] Applying Reverb (wet: 34.250000%, room: 0.723500)
[2025-11-27 11:32:04] [INFO] Applying Reverb (wet: 40.000000%, room: 0.850000)
[2025-11-27 11:32:11] [INFO] Applying Reverb (wet: 40.000000%, room: 0.850000)
[2025-11-27 11:32:19] [INFO] Echo applied: delay=13560 samples, feedback=55.750000%
[2025-11-27 11:32:19] [INFO] Before normalize - RMS: 0.108495, Peak: 0.604589
[2025-11-27 11:32:20] [INFO] Clipping prevented - applied limiter (gain: 0.931630x)
[2025-11-27 11:32:20] [INFO] After normalize - RMS: 0.170480, Peak: 0.950000, Gain applied: 1.686629
[2025-11-27 11:32:20] [INFO] After effects - RMS: 0.170480
[2025-11-27 11:32:21] [INFO] Effects applied: 2 effect(s)
[2025-11-27 11:32:48] [INFO] Application closing...
